\BOOKMARK [1][-]{section.1}{\376\377\217\157\116\366\133\211\210\305}{}% 1
\BOOKMARK [2][-]{subsection.1.1}{\376\377\137\305\131\007\217\157\116\366\122\027\210\150}{section.1}% 2
\BOOKMARK [3][-]{subsubsection.1.1.1}{\376\377\137\305\131\007\217\157\116\366\221\115\177\156}{subsection.1.1}% 3
\BOOKMARK [1][-]{section.2}{\376\377\000G\000i\000t\121\145\225\350}{}% 4
\BOOKMARK [2][-]{subsection.2.1}{\376\377\124\175\116\344\210\114\121\145\225\350}{section.2}% 5
\BOOKMARK [2][-]{subsection.2.2}{\376\377\147\054\127\060\116\323\136\223}{section.2}% 6
\BOOKMARK [2][-]{subsection.2.3}{\376\377\217\334\172\013\116\323\136\223}{section.2}% 7
\BOOKMARK [1][-]{section.3}{\376\377\000H\000T\000M\000L}{}% 8
\BOOKMARK [2][-]{subsection.3.1}{\376\377\151\202\211\310}{section.3}% 9
\BOOKMARK [2][-]{subsection.3.2}{\376\377\150\007\173\176}{section.3}% 10
\BOOKMARK [2][-]{subsection.3.3}{\376\377\221\315\226\276\160\271}{section.3}% 11
\BOOKMARK [2][-]{subsection.3.4}{\376\377\133\236\215\365\124\214\142\113\147\072\214\003\213\325}{section.3}% 12
\BOOKMARK [1][-]{section.4}{\376\377\000C\000S\000S}{}% 13
\BOOKMARK [2][-]{subsection.4.1}{\376\377\127\372\170\100}{section.4}% 14
\BOOKMARK [3][-]{subsubsection.4.1.1}{\376\377\213\355\154\325}{subsection.4.1}% 15
\BOOKMARK [3][-]{subsubsection.4.1.2}{\376\377\000B\000o\000r\000d\000e\000r\214\003\213\325\154\325}{subsection.4.1}% 16
\BOOKMARK [3][-]{subsubsection.4.1.3}{\376\377\145\207\150\143\155\101}{subsection.4.1}% 17
\BOOKMARK [3][-]{subsubsection.4.1.4}{\376\377\166\322\152\041\127\213}{subsection.4.1}% 18
\BOOKMARK [3][-]{subsubsection.4.1.5}{\376\377\000m\000a\000r\000g\000i\000n\124\010\136\166}{subsection.4.1}% 19
\BOOKMARK [3][-]{subsubsection.4.1.6}{\376\377\127\372\147\054\123\125\117\115}{subsection.4.1}% 20
\BOOKMARK [3][-]{subsubsection.4.1.7}{\376\377\176\303\142\113\230\171\166\356}{subsection.4.1}% 21
\BOOKMARK [2][-]{subsection.4.2}{\376\377\136\003\134\100}{section.4}% 22
\BOOKMARK [3][-]{subsubsection.4.2.1}{\376\377\136\003\134\100\122\006\174\173}{subsection.4.2}% 23
\BOOKMARK [3][-]{subsubsection.4.2.2}{\376\377\116\044\171\315\136\003\134\100\140\035\215\357}{subsection.4.2}% 24
\BOOKMARK [3][-]{subsubsection.4.2.3}{\376\377\000f\000l\000o\000a\000t\136\003\134\100}{subsection.4.2}% 25
\BOOKMARK [3][-]{subsubsection.4.2.4}{\376\377\000F\000l\000e\000x\136\003\134\100}{subsection.4.2}% 26
\BOOKMARK [3][-]{subsubsection.4.2.5}{\376\377\000G\000r\000i\000d\136\003\134\100}{subsection.4.2}% 27
\BOOKMARK [2][-]{subsection.4.3}{\376\377\133\232\117\115}{section.4}% 28
\BOOKMARK [3][-]{subsubsection.4.3.1}{\376\377\116\000\116\052\000d\000i\000v\166\204\122\006\134\102}{subsection.4.3}% 29
\BOOKMARK [3][-]{subsubsection.4.3.2}{\376\377\000p\000o\000s\000i\000t\000o\000n\166\204\116\224\116\052\123\326\120\074}{subsection.4.3}% 30
\BOOKMARK [3][-]{subsubsection.4.3.3}{\376\377\134\102\123\340\116\012\116\013\145\207}{subsection.4.3}% 31
\BOOKMARK [2][-]{subsection.4.4}{\376\377\122\250\165\073}{section.4}% 32
\BOOKMARK [3][-]{subsubsection.4.4.1}{\376\377\122\250\165\073\166\204\123\237\164\006}{subsection.4.4}% 33
\BOOKMARK [3][-]{subsubsection.4.4.2}{\376\377\155\117\211\310\126\150\156\062\147\323\166\204\123\237\164\006}{subsection.4.4}% 34
\BOOKMARK [3][-]{subsubsection.4.4.3}{\376\377\000C\000S\000S\122\250\165\073\117\030\123\026}{subsection.4.4}% 35
\BOOKMARK [3][-]{subsubsection.4.4.4}{\376\377\000t\000r\000a\000n\000s\000i\000t\000i\000o\000n}{subsection.4.4}% 36
\BOOKMARK [3][-]{subsubsection.4.4.5}{\376\377\000t\000r\000a\000n\000s\000i\000t\000i\000o\000n\217\307\156\041}{subsection.4.4}% 37
\BOOKMARK [3][-]{subsubsection.4.4.6}{\376\377\176\242\137\303\133\236\215\365}{subsection.4.4}% 38
\BOOKMARK [1][-]{section.5}{\376\377\000H\000T\000T\000P}{}% 39
\BOOKMARK [2][-]{subsection.5.1}{\376\377\000U\000R\000L}{section.5}% 40
\BOOKMARK [3][-]{subsubsection.5.1.1}{\376\377\000I\000P}{subsection.5.1}% 41
\BOOKMARK [3][-]{subsubsection.5.1.2}{\376\377\172\357\123\343}{subsection.5.1}% 42
\BOOKMARK [3][-]{subsubsection.5.1.3}{\376\377\127\337\124\015}{subsection.5.1}% 43
\BOOKMARK [3][-]{subsubsection.5.1.4}{\376\377\000H\000T\000T\000P\123\117\213\256}{subsection.5.1}% 44
\BOOKMARK [2][-]{subsection.5.2}{\376\377\213\367\154\102\124\315\136\224\124\214\000N\000o\000d\000e\000J\000S\000\040\000S\000e\000v\000e\000r}{section.5}% 45
\BOOKMARK [1][-]{section.6}{\376\377\000J\000S}{}% 46
\BOOKMARK [2][-]{subsection.6.1}{\376\377\151\202\211\310}{section.6}% 47
\BOOKMARK [3][-]{subsubsection.6.1.1}{\376\377\170\154\211\201\154\102}{subsection.6.1}% 48
\BOOKMARK [3][-]{subsubsection.6.1.2}{\376\377\000J\000S\166\204\123\206\123\362}{subsection.6.1}% 49
\BOOKMARK [2][-]{subsection.6.2}{\376\377\121\205\133\130\126\376\116\016\000J\000S\116\026\165\114}{section.6}% 50
\BOOKMARK [3][-]{subsubsection.6.2.1}{\376\377\144\315\117\134\174\373\176\337\136\070\213\306}{subsection.6.2}% 51
\BOOKMARK [3][-]{subsubsection.6.2.2}{\376\377\121\205\133\130\126\376}{subsection.6.2}% 52
\BOOKMARK [3][-]{subsubsection.6.2.3}{\376\377\000J\000S\166\204\116\026\165\114\146\057\140\016\150\067\166\204}{subsection.6.2}% 53
\BOOKMARK [3][-]{subsubsection.6.2.4}{\376\377\123\237\127\213\224\376}{subsection.6.2}% 54
\BOOKMARK [2][-]{subsection.6.3}{\376\377\000C\000a\000n\000v\000a\000s\133\236\215\365\040\023\165\073\126\376\147\177}{section.6}% 55
\BOOKMARK [2][-]{subsection.6.4}{\376\377\000J\000S\213\355\154\325}{section.6}% 56
\BOOKMARK [3][-]{subsubsection.6.4.1}{\376\377\000J\000S\162\110\147\054}{subsection.6.4}% 57
\BOOKMARK [3][-]{subsubsection.6.4.2}{\376\377\213\355\154\325}{subsection.6.4}% 58
\BOOKMARK [3][-]{subsubsection.6.4.3}{\376\377\000J\000S\145\160\143\156}{subsection.6.4}% 59
\BOOKMARK [3][-]{subsubsection.6.4.4}{\376\377\000J\000S\133\371\214\141}{subsection.6.4}% 60
\BOOKMARK [3][-]{subsubsection.6.4.5}{\376\377\000J\000S\133\371\214\141\122\006\174\173}{subsection.6.4}% 61
\BOOKMARK [1][-]{section.7}{\376\377\173\227\154\325\116\016\145\160\143\156\176\323\147\204}{}% 62
\BOOKMARK [1][-]{section.8}{\376\377\000J\000S\177\026\172\013\143\245\123\343}{}% 63
\BOOKMARK [2][-]{subsection.8.1}{\376\377\000D\000O\000M\177\026\172\013}{section.8}% 64
\BOOKMARK [3][-]{subsubsection.8.1.1}{\376\377\000D\000O\000M\173\200\116\313}{subsection.8.1}% 65
\BOOKMARK [3][-]{subsubsection.8.1.2}{\376\377\203\267\123\326\121\103\175\040\166\204\000A\000P\000I}{subsection.8.1}% 66
\BOOKMARK [3][-]{subsubsection.8.1.3}{\376\377\121\103\175\040\166\204\0006\134\102\123\237\127\213\224\376}{subsection.8.1}% 67
\BOOKMARK [3][-]{subsubsection.8.1.4}{\376\377\122\033\136\372\121\103\175\040\166\204\000A\000P\000I}{subsection.8.1}% 68
\BOOKMARK [3][-]{subsubsection.8.1.5}{\376\377\147\345\167\013\121\103\175\040\166\204\000A\000P\000I}{subsection.8.1}% 69
\BOOKMARK [3][-]{subsubsection.8.1.6}{\376\377\000D\000O\000M\144\315\117\134\215\350\176\277\172\013}{subsection.8.1}% 70
\BOOKMARK [2][-]{subsection.8.2}{\376\377\142\113\121\231\000D\000O\000M\136\223}{section.8}% 71
\BOOKMARK [2][-]{subsection.8.3}{\376\377\000j\000Q\000u\000e\000r\000y\116\055\166\204\213\276\213\241\152\041\137\017}{section.8}% 72
\BOOKMARK [2][-]{subsection.8.4}{\376\377\000D\000O\000M\116\213\116\366\116\016\116\213\116\366\131\324\142\130}{section.8}% 73
\BOOKMARK [1][-]{section.9}{\376\377\122\115\172\357\172\331\160\271\133\374\202\052}{}% 74
\BOOKMARK [1][-]{section.10}{\376\377\000M\000V\000C}{}% 75
\BOOKMARK [1][-]{section.11}{\376\377\000W\000e\000b\000p\000a\000c\000k}{}% 76
\BOOKMARK [1][-]{section.12}{\376\377\206\132\142\337\000D\000O\000M\116\016\000D\000O\000M\000\040\000d\000i\000f\000f}{}% 77
\BOOKMARK [1][-]{section.13}{\376\377\000V\000u\000e}{}% 78
\BOOKMARK [1][-]{section.14}{\376\377\000R\000e\000a\000c\000t}{}% 79
\BOOKMARK [1][-]{section.15}{\376\377\000N\000o\000d\000e\000J\000S}{}% 80
\BOOKMARK [1][-]{section.16}{\376\377\000V\000u\000e\0003\220\040\217\156\133\120}{}% 81
